<?xml version="1.0" encoding="UTF-8"?>
<testsuite xmlns:xsi="http://www.w3.org/2001/XMLSchema-instance" xsi:noNamespaceSchemaLocation="https://maven.apache.org/surefire/maven-surefire-plugin/xsd/surefire-test-report.xsd" name="com.jd2.TRDacademy.dao.BaseDaoTest" time="0.382" tests="5" errors="0" skipped="0" failures="0">
  <properties>
    <property name="awt.toolkit" value="sun.awt.X11.XToolkit"/>
    <property name="file.encoding.pkg" value="sun.io"/>
    <property name="java.specification.version" value="1.8"/>
    <property name="sun.cpu.isalist" value=""/>
    <property name="sun.jnu.encoding" value="UTF-8"/>
    <property name="java.class.path" value="/home/antonydrift/IdeaProjects/TRDacademy/dao/target/test-classes:/home/antonydrift/IdeaProjects/TRDacademy/dao/target/classes:/home/antonydrift/.m2/repository/junit/junit/4.12/junit-4.12.jar:/home/antonydrift/.m2/repository/org/hamcrest/hamcrest-core/1.3/hamcrest-core-1.3.jar:/home/antonydrift/.m2/repository/org/hibernate/hibernate-ehcache/5.4.0.Final/hibernate-ehcache-5.4.0.Final.jar:/home/antonydrift/.m2/repository/org/jboss/logging/jboss-logging/3.3.2.Final/jboss-logging-3.3.2.Final.jar:/home/antonydrift/.m2/repository/net/sf/ehcache/ehcache/2.10.6/ehcache-2.10.6.jar:/home/antonydrift/.m2/repository/net/sf/ehcache/ehcache-core/2.6.11/ehcache-core-2.6.11.jar:/home/antonydrift/.m2/repository/com/mchange/c3p0/0.9.5.2/c3p0-0.9.5.2.jar:/home/antonydrift/.m2/repository/com/mchange/mchange-commons-java/0.2.11/mchange-commons-java-0.2.11.jar:/home/antonydrift/.m2/repository/org/slf4j/slf4j-api/1.8.0-beta2/slf4j-api-1.8.0-beta2.jar:/home/antonydrift/.m2/repository/log4j/log4j/1.2.16/log4j-1.2.16.jar:/home/antonydrift/.m2/repository/org/hibernate/hibernate-core/5.4.0.Final/hibernate-core-5.4.0.Final.jar:/home/antonydrift/.m2/repository/javax/persistence/javax.persistence-api/2.2/javax.persistence-api-2.2.jar:/home/antonydrift/.m2/repository/org/javassist/javassist/3.24.0-GA/javassist-3.24.0-GA.jar:/home/antonydrift/.m2/repository/net/bytebuddy/byte-buddy/1.9.5/byte-buddy-1.9.5.jar:/home/antonydrift/.m2/repository/antlr/antlr/2.7.7/antlr-2.7.7.jar:/home/antonydrift/.m2/repository/org/jboss/spec/javax/transaction/jboss-transaction-api_1.2_spec/1.1.1.Final/jboss-transaction-api_1.2_spec-1.1.1.Final.jar:/home/antonydrift/.m2/repository/org/jboss/jandex/2.0.5.Final/jandex-2.0.5.Final.jar:/home/antonydrift/.m2/repository/com/fasterxml/classmate/1.3.4/classmate-1.3.4.jar:/home/antonydrift/.m2/repository/javax/activation/javax.activation-api/1.2.0/javax.activation-api-1.2.0.jar:/home/antonydrift/.m2/repository/org/dom4j/dom4j/2.1.1/dom4j-2.1.1.jar:/home/antonydrift/.m2/repository/org/hibernate/common/hibernate-commons-annotations/5.1.0.Final/hibernate-commons-annotations-5.1.0.Final.jar:/home/antonydrift/.m2/repository/javax/xml/bind/jaxb-api/2.3.1/jaxb-api-2.3.1.jar:/home/antonydrift/.m2/repository/org/glassfish/jaxb/jaxb-runtime/2.3.1/jaxb-runtime-2.3.1.jar:/home/antonydrift/.m2/repository/org/glassfish/jaxb/txw2/2.3.1/txw2-2.3.1.jar:/home/antonydrift/.m2/repository/com/sun/istack/istack-commons-runtime/3.0.7/istack-commons-runtime-3.0.7.jar:/home/antonydrift/.m2/repository/org/jvnet/staxex/stax-ex/1.8/stax-ex-1.8.jar:/home/antonydrift/.m2/repository/com/sun/xml/fastinfoset/FastInfoset/1.2.15/FastInfoset-1.2.15.jar:/home/antonydrift/.m2/repository/org/hibernate/hibernate-entitymanager/5.4.0.Final/hibernate-entitymanager-5.4.0.Final.jar:/home/antonydrift/.m2/repository/org/apache/commons/commons-dbcp2/2.5.0/commons-dbcp2-2.5.0.jar:/home/antonydrift/.m2/repository/org/apache/commons/commons-pool2/2.6.0/commons-pool2-2.6.0.jar:/home/antonydrift/.m2/repository/commons-logging/commons-logging/1.2/commons-logging-1.2.jar:/home/antonydrift/.m2/repository/org/springframework/spring-expression/5.1.4.RELEASE/spring-expression-5.1.4.RELEASE.jar:/home/antonydrift/.m2/repository/org/springframework/spring-core/5.1.4.RELEASE/spring-core-5.1.4.RELEASE.jar:/home/antonydrift/.m2/repository/org/springframework/spring-jcl/5.1.4.RELEASE/spring-jcl-5.1.4.RELEASE.jar:/home/antonydrift/.m2/repository/org/springframework/spring-context/5.1.4.RELEASE/spring-context-5.1.4.RELEASE.jar:/home/antonydrift/.m2/repository/org/springframework/spring-beans/5.1.4.RELEASE/spring-beans-5.1.4.RELEASE.jar:/home/antonydrift/.m2/repository/org/springframework/spring-webmvc/5.1.4.RELEASE/spring-webmvc-5.1.4.RELEASE.jar:/home/antonydrift/.m2/repository/org/springframework/spring-web/5.1.4.RELEASE/spring-web-5.1.4.RELEASE.jar:/home/antonydrift/.m2/repository/org/springframework/spring-aop/5.1.4.RELEASE/spring-aop-5.1.4.RELEASE.jar:/home/antonydrift/.m2/repository/org/springframework/spring-orm/5.1.4.RELEASE/spring-orm-5.1.4.RELEASE.jar:/home/antonydrift/.m2/repository/org/springframework/spring-jdbc/5.1.4.RELEASE/spring-jdbc-5.1.4.RELEASE.jar:/home/antonydrift/.m2/repository/org/springframework/spring-tx/5.1.4.RELEASE/spring-tx-5.1.4.RELEASE.jar:/home/antonydrift/.m2/repository/org/springframework/spring-test/5.1.4.RELEASE/spring-test-5.1.4.RELEASE.jar:/home/antonydrift/.m2/repository/org/aspectj/aspectjweaver/1.9.2/aspectjweaver-1.9.2.jar:/home/antonydrift/.m2/repository/org/apache/tiles/tiles-core/3.0.5/tiles-core-3.0.5.jar:/home/antonydrift/.m2/repository/org/apache/tiles/tiles-api/3.0.5/tiles-api-3.0.5.jar:/home/antonydrift/.m2/repository/org/apache/tiles/tiles-request-api/1.0.6/tiles-request-api-1.0.6.jar:/home/antonydrift/.m2/repository/commons-digester/commons-digester/2.0/commons-digester-2.0.jar:/home/antonydrift/.m2/repository/commons-beanutils/commons-beanutils/1.8.0/commons-beanutils-1.8.0.jar:/home/antonydrift/.m2/repository/org/slf4j/jcl-over-slf4j/1.7.6/jcl-over-slf4j-1.7.6.jar:/home/antonydrift/.m2/repository/org/apache/tiles/tiles-jsp/3.0.5/tiles-jsp-3.0.5.jar:/home/antonydrift/.m2/repository/org/apache/tiles/tiles-request-jsp/1.0.6/tiles-request-jsp-1.0.6.jar:/home/antonydrift/.m2/repository/org/apache/tiles/tiles-servlet/3.0.5/tiles-servlet-3.0.5.jar:/home/antonydrift/.m2/repository/org/apache/tiles/tiles-request-servlet/1.0.6/tiles-request-servlet-1.0.6.jar:/home/antonydrift/.m2/repository/org/apache/tiles/tiles-template/3.0.5/tiles-template-3.0.5.jar:/home/antonydrift/.m2/repository/org/apache/tiles/tiles-autotag-core-runtime/1.1.0/tiles-autotag-core-runtime-1.1.0.jar:/home/antonydrift/.m2/repository/org/apache/tiles/tiles-el/3.0.5/tiles-el-3.0.5.jar:/home/antonydrift/.m2/repository/com/h2database/h2/1.4.197/h2-1.4.197.jar:/home/antonydrift/.m2/repository/org/mariadb/jdbc/mariadb-java-client/2.3.0/mariadb-java-client-2.3.0.jar:/home/antonydrift/.m2/repository/org/projectlombok/lombok/1.18.4/lombok-1.18.4.jar:"/>
    <property name="java.vm.vendor" value="Oracle Corporation"/>
    <property name="sun.arch.data.model" value="64"/>
    <property name="java.vendor.url" value="http://java.oracle.com/"/>
    <property name="user.timezone" value=""/>
    <property name="java.vm.specification.version" value="1.8"/>
    <property name="os.name" value="Linux"/>
    <property name="user.country" value="RU"/>
    <property name="sun.java.launcher" value="SUN_STANDARD"/>
    <property name="sun.boot.library.path" value="/usr/lib/jvm/java-8-openjdk/jre/lib/amd64"/>
    <property name="sun.java.command" value="/home/antonydrift/IdeaProjects/TRDacademy/dao/target/surefire/surefirebooter8353521476918548380.jar /home/antonydrift/IdeaProjects/TRDacademy/dao/target/surefire 2019-02-20T07-33-58_167-jvmRun1 surefire8258059206407765941tmp surefire_07024771244227044285tmp"/>
    <property name="surefire.test.class.path" value="/home/antonydrift/IdeaProjects/TRDacademy/dao/target/test-classes:/home/antonydrift/IdeaProjects/TRDacademy/dao/target/classes:/home/antonydrift/.m2/repository/junit/junit/4.12/junit-4.12.jar:/home/antonydrift/.m2/repository/org/hamcrest/hamcrest-core/1.3/hamcrest-core-1.3.jar:/home/antonydrift/.m2/repository/org/hibernate/hibernate-ehcache/5.4.0.Final/hibernate-ehcache-5.4.0.Final.jar:/home/antonydrift/.m2/repository/org/jboss/logging/jboss-logging/3.3.2.Final/jboss-logging-3.3.2.Final.jar:/home/antonydrift/.m2/repository/net/sf/ehcache/ehcache/2.10.6/ehcache-2.10.6.jar:/home/antonydrift/.m2/repository/net/sf/ehcache/ehcache-core/2.6.11/ehcache-core-2.6.11.jar:/home/antonydrift/.m2/repository/com/mchange/c3p0/0.9.5.2/c3p0-0.9.5.2.jar:/home/antonydrift/.m2/repository/com/mchange/mchange-commons-java/0.2.11/mchange-commons-java-0.2.11.jar:/home/antonydrift/.m2/repository/org/slf4j/slf4j-api/1.8.0-beta2/slf4j-api-1.8.0-beta2.jar:/home/antonydrift/.m2/repository/log4j/log4j/1.2.16/log4j-1.2.16.jar:/home/antonydrift/.m2/repository/org/hibernate/hibernate-core/5.4.0.Final/hibernate-core-5.4.0.Final.jar:/home/antonydrift/.m2/repository/javax/persistence/javax.persistence-api/2.2/javax.persistence-api-2.2.jar:/home/antonydrift/.m2/repository/org/javassist/javassist/3.24.0-GA/javassist-3.24.0-GA.jar:/home/antonydrift/.m2/repository/net/bytebuddy/byte-buddy/1.9.5/byte-buddy-1.9.5.jar:/home/antonydrift/.m2/repository/antlr/antlr/2.7.7/antlr-2.7.7.jar:/home/antonydrift/.m2/repository/org/jboss/spec/javax/transaction/jboss-transaction-api_1.2_spec/1.1.1.Final/jboss-transaction-api_1.2_spec-1.1.1.Final.jar:/home/antonydrift/.m2/repository/org/jboss/jandex/2.0.5.Final/jandex-2.0.5.Final.jar:/home/antonydrift/.m2/repository/com/fasterxml/classmate/1.3.4/classmate-1.3.4.jar:/home/antonydrift/.m2/repository/javax/activation/javax.activation-api/1.2.0/javax.activation-api-1.2.0.jar:/home/antonydrift/.m2/repository/org/dom4j/dom4j/2.1.1/dom4j-2.1.1.jar:/home/antonydrift/.m2/repository/org/hibernate/common/hibernate-commons-annotations/5.1.0.Final/hibernate-commons-annotations-5.1.0.Final.jar:/home/antonydrift/.m2/repository/javax/xml/bind/jaxb-api/2.3.1/jaxb-api-2.3.1.jar:/home/antonydrift/.m2/repository/org/glassfish/jaxb/jaxb-runtime/2.3.1/jaxb-runtime-2.3.1.jar:/home/antonydrift/.m2/repository/org/glassfish/jaxb/txw2/2.3.1/txw2-2.3.1.jar:/home/antonydrift/.m2/repository/com/sun/istack/istack-commons-runtime/3.0.7/istack-commons-runtime-3.0.7.jar:/home/antonydrift/.m2/repository/org/jvnet/staxex/stax-ex/1.8/stax-ex-1.8.jar:/home/antonydrift/.m2/repository/com/sun/xml/fastinfoset/FastInfoset/1.2.15/FastInfoset-1.2.15.jar:/home/antonydrift/.m2/repository/org/hibernate/hibernate-entitymanager/5.4.0.Final/hibernate-entitymanager-5.4.0.Final.jar:/home/antonydrift/.m2/repository/org/apache/commons/commons-dbcp2/2.5.0/commons-dbcp2-2.5.0.jar:/home/antonydrift/.m2/repository/org/apache/commons/commons-pool2/2.6.0/commons-pool2-2.6.0.jar:/home/antonydrift/.m2/repository/commons-logging/commons-logging/1.2/commons-logging-1.2.jar:/home/antonydrift/.m2/repository/org/springframework/spring-expression/5.1.4.RELEASE/spring-expression-5.1.4.RELEASE.jar:/home/antonydrift/.m2/repository/org/springframework/spring-core/5.1.4.RELEASE/spring-core-5.1.4.RELEASE.jar:/home/antonydrift/.m2/repository/org/springframework/spring-jcl/5.1.4.RELEASE/spring-jcl-5.1.4.RELEASE.jar:/home/antonydrift/.m2/repository/org/springframework/spring-context/5.1.4.RELEASE/spring-context-5.1.4.RELEASE.jar:/home/antonydrift/.m2/repository/org/springframework/spring-beans/5.1.4.RELEASE/spring-beans-5.1.4.RELEASE.jar:/home/antonydrift/.m2/repository/org/springframework/spring-webmvc/5.1.4.RELEASE/spring-webmvc-5.1.4.RELEASE.jar:/home/antonydrift/.m2/repository/org/springframework/spring-web/5.1.4.RELEASE/spring-web-5.1.4.RELEASE.jar:/home/antonydrift/.m2/repository/org/springframework/spring-aop/5.1.4.RELEASE/spring-aop-5.1.4.RELEASE.jar:/home/antonydrift/.m2/repository/org/springframework/spring-orm/5.1.4.RELEASE/spring-orm-5.1.4.RELEASE.jar:/home/antonydrift/.m2/repository/org/springframework/spring-jdbc/5.1.4.RELEASE/spring-jdbc-5.1.4.RELEASE.jar:/home/antonydrift/.m2/repository/org/springframework/spring-tx/5.1.4.RELEASE/spring-tx-5.1.4.RELEASE.jar:/home/antonydrift/.m2/repository/org/springframework/spring-test/5.1.4.RELEASE/spring-test-5.1.4.RELEASE.jar:/home/antonydrift/.m2/repository/org/aspectj/aspectjweaver/1.9.2/aspectjweaver-1.9.2.jar:/home/antonydrift/.m2/repository/org/apache/tiles/tiles-core/3.0.5/tiles-core-3.0.5.jar:/home/antonydrift/.m2/repository/org/apache/tiles/tiles-api/3.0.5/tiles-api-3.0.5.jar:/home/antonydrift/.m2/repository/org/apache/tiles/tiles-request-api/1.0.6/tiles-request-api-1.0.6.jar:/home/antonydrift/.m2/repository/commons-digester/commons-digester/2.0/commons-digester-2.0.jar:/home/antonydrift/.m2/repository/commons-beanutils/commons-beanutils/1.8.0/commons-beanutils-1.8.0.jar:/home/antonydrift/.m2/repository/org/slf4j/jcl-over-slf4j/1.7.6/jcl-over-slf4j-1.7.6.jar:/home/antonydrift/.m2/repository/org/apache/tiles/tiles-jsp/3.0.5/tiles-jsp-3.0.5.jar:/home/antonydrift/.m2/repository/org/apache/tiles/tiles-request-jsp/1.0.6/tiles-request-jsp-1.0.6.jar:/home/antonydrift/.m2/repository/org/apache/tiles/tiles-servlet/3.0.5/tiles-servlet-3.0.5.jar:/home/antonydrift/.m2/repository/org/apache/tiles/tiles-request-servlet/1.0.6/tiles-request-servlet-1.0.6.jar:/home/antonydrift/.m2/repository/org/apache/tiles/tiles-template/3.0.5/tiles-template-3.0.5.jar:/home/antonydrift/.m2/repository/org/apache/tiles/tiles-autotag-core-runtime/1.1.0/tiles-autotag-core-runtime-1.1.0.jar:/home/antonydrift/.m2/repository/org/apache/tiles/tiles-el/3.0.5/tiles-el-3.0.5.jar:/home/antonydrift/.m2/repository/com/h2database/h2/1.4.197/h2-1.4.197.jar:/home/antonydrift/.m2/repository/org/mariadb/jdbc/mariadb-java-client/2.3.0/mariadb-java-client-2.3.0.jar:/home/antonydrift/.m2/repository/org/projectlombok/lombok/1.18.4/lombok-1.18.4.jar:"/>
    <property name="sun.cpu.endian" value="little"/>
    <property name="user.home" value="/home/antonydrift"/>
    <property name="user.language" value="ru"/>
    <property name="java.specification.vendor" value="Oracle Corporation"/>
    <property name="java.home" value="/usr/lib/jvm/java-8-openjdk/jre"/>
    <property name="basedir" value="/home/antonydrift/IdeaProjects/TRDacademy/dao"/>
    <property name="file.separator" value="/"/>
    <property name="line.separator" value="&#10;"/>
    <property name="java.vm.specification.vendor" value="Oracle Corporation"/>
    <property name="java.specification.name" value="Java Platform API Specification"/>
    <property name="java.awt.graphicsenv" value="sun.awt.X11GraphicsEnvironment"/>
    <property name="surefire.real.class.path" value="/home/antonydrift/IdeaProjects/TRDacademy/dao/target/surefire/surefirebooter8353521476918548380.jar"/>
    <property name="sun.boot.class.path" value="/usr/lib/jvm/java-8-openjdk/jre/lib/resources.jar:/usr/lib/jvm/java-8-openjdk/jre/lib/rt.jar:/usr/lib/jvm/java-8-openjdk/jre/lib/sunrsasign.jar:/usr/lib/jvm/java-8-openjdk/jre/lib/jsse.jar:/usr/lib/jvm/java-8-openjdk/jre/lib/jce.jar:/usr/lib/jvm/java-8-openjdk/jre/lib/charsets.jar:/usr/lib/jvm/java-8-openjdk/jre/lib/jfr.jar:/usr/lib/jvm/java-8-openjdk/jre/classes"/>
    <property name="sun.management.compiler" value="HotSpot 64-Bit Tiered Compilers"/>
    <property name="java.runtime.version" value="1.8.0_192-b26"/>
    <property name="user.name" value="antonydrift"/>
    <property name="path.separator" value=":"/>
    <property name="os.version" value="4.14.81-1-MANJARO"/>
    <property name="java.endorsed.dirs" value="/usr/lib/jvm/java-8-openjdk/jre/lib/endorsed"/>
    <property name="java.runtime.name" value="OpenJDK Runtime Environment"/>
    <property name="file.encoding" value="UTF-8"/>
    <property name="java.vm.name" value="OpenJDK 64-Bit Server VM"/>
    <property name="localRepository" value="/home/antonydrift/.m2/repository"/>
    <property name="java.vendor.url.bug" value="http://bugreport.sun.com/bugreport/"/>
    <property name="java.io.tmpdir" value="/tmp"/>
    <property name="idea.version" value="2018.2.5"/>
    <property name="java.version" value="1.8.0_192"/>
    <property name="user.dir" value="/home/antonydrift/IdeaProjects/TRDacademy/dao"/>
    <property name="os.arch" value="amd64"/>
    <property name="java.vm.specification.name" value="Java Virtual Machine Specification"/>
    <property name="java.awt.printerjob" value="sun.print.PSPrinterJob"/>
    <property name="sun.os.patch.level" value="unknown"/>
    <property name="java.library.path" value="/usr/java/packages/lib/amd64:/usr/lib64:/lib64:/lib:/usr/lib"/>
    <property name="java.vm.info" value="mixed mode"/>
    <property name="java.vendor" value="Oracle Corporation"/>
    <property name="java.vm.version" value="25.192-b26"/>
    <property name="java.ext.dirs" value="/usr/lib/jvm/java-8-openjdk/jre/lib/ext:/usr/java/packages/lib/ext"/>
    <property name="sun.io.unicode.encoding" value="UnicodeLittle"/>
    <property name="java.class.version" value="52.0"/>
  </properties>
  <testcase name="delete" classname="com.jd2.TRDacademy.dao.BaseDaoTest" time="0.118"/>
  <testcase name="getAll" classname="com.jd2.TRDacademy.dao.BaseDaoTest" time="0.037"/>
  <testcase name="update" classname="com.jd2.TRDacademy.dao.BaseDaoTest" time="0.045"/>
  <testcase name="add" classname="com.jd2.TRDacademy.dao.BaseDaoTest" time="0.153"/>
  <testcase name="get" classname="com.jd2.TRDacademy.dao.BaseDaoTest" time="0.011"/>
</testsuite>